IP Generator (Version 2022.2-SP1-Lite build 132640)
Start generating at 2026-05-01 15:55
Instance: BRAM (D:\work\peak_detect\ipcore\BRAM\BRAM.idf)
IP: Pango DRM Based Simple Dual Port RAM (1.6)
Part: Logos-PGL22G-MBG324--6
Create directory 'rtl' ...
Copy 'rtl\ipml_sdpram_v1_6.v.xml' to 'rtl' ...
Compile file 'rtl\ipml_sdpram_v1_6.v.xml' to 'rtl\ipml_sdpram_v1_6_BRAM.v' ...
Copy 'ipml_sdpram_wrapper_v1_6.v.xml' ...
Compile file 'ipml_sdpram_wrapper_v1_6.v.xml' to 'BRAM.v' ...
Found top module 'BRAM' in file 'BRAM.v'.
Copy 'ipml_sdpram_wrapper_v1_3_tb.v.xml' ...
Compile file 'ipml_sdpram_wrapper_v1_3_tb.v.xml' to 'BRAM_tb.v' ...
Copy 'init_param_bin_exmp.dat' ...
Copy 'init_param_hex_exmp.dat' ...
Run file 'createParam.tcl' ...
Create template file 'BRAM_tmpl.v' ...
Create template file 'BRAM_tmpl.vhdl' ...
There are 2 source files to synthesize.
Synthesis is disabled.
Done: 0 error(s), 0 warning(s)
